-------------------------------------------------------------------------------
Test set: TestSuite
-------------------------------------------------------------------------------
Tests run: 7, Failures: 1, Errors: 0, Skipped: 0, Time elapsed: 28.574 s <<< FAILURE! - in TestSuite
calculateTotalCostTest(com.saucedemo.CalculateTotalCostOrderTest)  Time elapsed: 6.104 s  <<< FAILURE!
java.lang.AssertionError: expected [Item total: $79.98] but found [Item total: $49.99]
	at com.saucedemo.CalculateTotalCostOrderTest.calculateTotalCostTest(CalculateTotalCostOrderTest.java:26)

