<?xml version="1.0" encoding="UTF-8"?>
<testng-results ignored="0" total="1" passed="1" failed="0" skipped="0">
  <reporter-output>
  </reporter-output>
  <suite started-at="2021-09-12T17:16:09 MSK" name="Surefire suite" finished-at="2021-09-12T17:16:16 MSK" duration-ms="7087">
    <groups>
    </groups>
    <test started-at="2021-09-12T17:16:09 MSK" name="Surefire test" finished-at="2021-09-12T17:16:16 MSK" duration-ms="7087">
      <class name="com.saucedemo.CheckoutTest">
        <test-method signature="checkoutTest()[pri:0, instance:com.saucedemo.CheckoutTest@cb0f763]" started-at="2021-09-12T17:16:09 MSK" name="checkoutTest" finished-at="2021-09-12T17:16:15 MSK" duration-ms="5975" status="PASS">
          <reporter-output>
          </reporter-output>
        </test-method> <!-- checkoutTest -->
        <test-method is-config="true" signature="afterTest()[pri:0, instance:com.saucedemo.CheckoutTest@cb0f763]" started-at="2021-09-12T17:16:15 MSK" name="afterTest" finished-at="2021-09-12T17:16:16 MSK" duration-ms="836" status="PASS">
          <reporter-output>
          </reporter-output>
        </test-method> <!-- afterTest -->
      </class> <!-- com.saucedemo.CheckoutTest -->
    </test> <!-- Surefire test -->
  </suite> <!-- Surefire suite -->
</testng-results>
